SF:lib/core/ethiopian_date.dart
DA:4,4
DA:5,4
DA:6,4
DA:9,4
DA:11,2
DA:12,2
DA:13,2
DA:14,2
DA:15,2
DA:17,2
DA:18,8
DA:21,3
DA:23,1
DA:24,1
DA:25,1
DA:26,1
DA:27,3
DA:28,2
DA:33,1
DA:40,4
DA:41,8
DA:42,2
DA:43,2
DA:46,4
DA:47,8
DA:48,2
DA:55,0
DA:56,2
DA:57,8
DA:58,2
DA:59,8
DA:62,5
DA:64,15
DA:66,0
DA:67,0
DA:68,0
DA:71,2
DA:73,6
DA:76,6
DA:79,6
DA:83,3
DA:85,4
DA:87,4
DA:88,12
DA:89,12
DA:90,12
DA:92,1
DA:93,4
DA:95,3
DA:97,3
DA:99,3
DA:101,3
DA:103,0
DA:104,0
DA:105,0
DA:106,0
LF:56
LH:48
end_of_record
SF:lib/core/jdn_converter.dart
DA:32,2
DA:36,0
DA:37,0
DA:44,4
DA:68,15
DA:71,5
DA:72,30
DA:75,0
DA:76,0
DA:82,5
DA:83,10
DA:84,0
DA:85,0
DA:88,5
DA:89,5
DA:96,5
DA:97,30
DA:100,4
DA:104,16
DA:105,12
DA:106,3
DA:108,8
DA:109,0
DA:111,12
DA:112,12
DA:113,12
DA:114,4
DA:120,3
DA:121,6
DA:122,6
DA:123,9
DA:124,3
DA:125,12
DA:126,6
DA:127,6
DA:128,6
DA:129,6
DA:136,3
DA:137,3
DA:138,9
DA:139,9
DA:140,9
DA:141,9
DA:142,9
DA:143,15
DA:144,12
DA:145,15
DA:146,3
LF:48
LH:41
end_of_record
SF:lib/core/ethiopian_date_arithmetic.dart
DA:14,1
DA:15,3
DA:16,4
DA:26,1
DA:27,6
DA:28,1
DA:29,2
DA:30,1
DA:31,3
DA:32,1
DA:38,1
DA:39,2
DA:40,2
DA:41,3
DA:42,2
DA:47,1
DA:48,3
LF:17
LH:17
end_of_record
SF:lib/core/ethiopian_date_interop.dart
DA:9,2
DA:32,1
DA:33,3
DA:34,3
DA:35,3
DA:36,3
DA:39,1
DA:40,1
DA:41,1
DA:42,3
DA:43,1
DA:44,3
LF:12
LH:12
end_of_record
SF:lib/utils/date_utils.dart
DA:10,1
DA:11,1
DA:18,1
DA:19,1
DA:22,3
DA:28,1
DA:29,3
DA:32,1
DA:37,2
DA:38,1
DA:39,1
DA:45,1
DA:46,1
DA:47,1
DA:48,1
LF:15
LH:15
end_of_record
